<?xml version="1.0" encoding="UTF-8"?>
<testsuite name="games.board.TestGameBoard" tests="11" skipped="0" failures="0" errors="0" timestamp="2022-10-03T06:08:38" hostname="DESKTOP-8L8N87T" time="0.05">
  <properties/>
  <testcase name="test01GetAndSetElement" classname="games.board.TestGameBoard" time="0.009"/>
  <testcase name="test02Filter" classname="games.board.TestGameBoard" time="0.011"/>
  <testcase name="test03All" classname="games.board.TestGameBoard" time="0.009"/>
  <testcase name="test04Any" classname="games.board.TestGameBoard" time="0.003"/>
  <testcase name="test05TheSameCell" classname="games.board.TestGameBoard" time="0.001"/>
  <testcase name="test06FindReturnsTheSameCell" classname="games.board.TestGameBoard" time="0.001"/>
  <testcase name="test07FilterTheSameCell" classname="games.board.TestGameBoard" time="0.001"/>
  <testcase name="test08AllAny" classname="games.board.TestGameBoard" time="0.012"/>
  <testcase name="test09AllAny" classname="games.board.TestGameBoard" time="0.001"/>
  <testcase name="test10AllAny" classname="games.board.TestGameBoard" time="0.0"/>
  <testcase name="test11AllAny" classname="games.board.TestGameBoard" time="0.001"/>
  <system-out><![CDATA[This is primary constructor
22This is primary constructor
22This is primary constructor
22AAA
BBB
22CCC
This is primary constructor
22This is primary constructor
22This is primary constructor
22This is primary constructor
22This is primary constructor
22222222This is primary constructor
22222222This is primary constructor
22222222This is primary constructor
2222222]]></system-out>
  <system-err><![CDATA[]]></system-err>
</testsuite>
