<?xml version="1.0" encoding="UTF-8"?>
<testsuite name="games.game2048.TestAddingValue" tests="4" skipped="0" failures="0" errors="0" timestamp="2022-10-03T06:08:38" hostname="DESKTOP-8L8N87T" time="0.015">
  <properties/>
  <testcase name="test1" classname="games.game2048.TestAddingValue" time="0.013"/>
  <testcase name="test2" classname="games.game2048.TestAddingValue" time="0.001"/>
  <testcase name="test3" classname="games.game2048.TestAddingValue" time="0.0"/>
  <testcase name="test4" classname="games.game2048.TestAddingValue" time="0.0"/>
  <system-out><![CDATA[This is primary constructor
2222222222222222This is primary constructor
2222222222222222This is primary constructor
2222222222222222This is primary constructor
2222222222222222]]></system-out>
  <system-err><![CDATA[]]></system-err>
</testsuite>
